<?xml version="1.0" encoding="UTF-8"?>
<!-- Generated by org.testng.reporters.JUnitXMLReporter -->
<testsuite ignored="0" hostname="AAAW46ZLPC0508" failures="0" tests="2" name="webfile sanity" time="119.869" errors="0" timestamp="2022-06-08T18:05:01 IST">
  <testcase classname="com.webfile.testcases.TC_Testviewmycalender" name="Testviewmycalender" time="67.298"/>
  <testcase classname="com.webfile.testcases.TC_Testviewmytasks" name="Testviewmytasks" time="32.63"/>
</testsuite> <!-- webfile sanity -->
