<?xml version="1.0" encoding="UTF-8"?>
<testng-results ignored="0" total="1" passed="1" failed="0" skipped="0">
  <reporter-output>
  </reporter-output>
  <suite started-at="2022-06-08T19:49:23 IST" name="Default suite" finished-at="2022-06-08T19:51:29 IST" duration-ms="126635">
    <groups>
    </groups>
    <test started-at="2022-06-08T19:49:23 IST" name="Default test" finished-at="2022-06-08T19:51:29 IST" duration-ms="126635">
      <class name="com.webfile.testcases.TC_Testwebfilelogin_01">
        <test-method is-config="true" signature="setup()[pri:0, instance:com.webfile.testcases.TC_Testwebfilelogin_01@50ad3bc1]" started-at="2022-06-08T19:49:23 IST" name="setup" finished-at="2022-06-08T19:49:35 IST" duration-ms="11904" status="PASS">
          <reporter-output>
          </reporter-output>
        </test-method> <!-- setup -->
        <test-method signature="Testuserlogin()[pri:0, instance:com.webfile.testcases.TC_Testwebfilelogin_01@50ad3bc1]" started-at="2022-06-08T19:49:35 IST" name="Testuserlogin" finished-at="2022-06-08T19:51:28 IST" duration-ms="113158" status="PASS">
          <reporter-output>
          </reporter-output>
        </test-method> <!-- Testuserlogin -->
        <test-method is-config="true" signature="teardown()[pri:0, instance:com.webfile.testcases.TC_Testwebfilelogin_01@50ad3bc1]" started-at="2022-06-08T19:51:28 IST" name="teardown" finished-at="2022-06-08T19:51:29 IST" duration-ms="1523" status="PASS">
          <reporter-output>
          </reporter-output>
        </test-method> <!-- teardown -->
      </class> <!-- com.webfile.testcases.TC_Testwebfilelogin_01 -->
    </test> <!-- Default test -->
  </suite> <!-- Default suite -->
</testng-results>
